Determining if the function log exists failed with the following output:
Change Dir: /home/sean/git_repo/lab5/ex5/CMakeFiles/CMakeTmp

Run Build Command:"/usr/bin/make" "cmTryCompileExec4018305856/fast"
/usr/bin/make -f CMakeFiles/cmTryCompileExec4018305856.dir/build.make CMakeFiles/cmTryCompileExec4018305856.dir/build
make[1]: Entering directory `/home/sean/git_repo/lab5/ex5/CMakeFiles/CMakeTmp'
/usr/bin/cmake -E cmake_progress_report /home/sean/git_repo/lab5/ex5/CMakeFiles/CMakeTmp/CMakeFiles 1
Building C object CMakeFiles/cmTryCompileExec4018305856.dir/CheckFunctionExists.c.o
/usr/bin/cc   -DCHECK_FUNCTION_EXISTS=log   -o CMakeFiles/cmTryCompileExec4018305856.dir/CheckFunctionExists.c.o   -c /usr/share/cmake-3.2/Modules/CheckFunctionExists.c
<command-line>:0:23: warning: conflicting types for built-in function ‘log’ [enabled by default]
/usr/share/cmake-3.2/Modules/CheckFunctionExists.c:3:6: note: in expansion of macro ‘CHECK_FUNCTION_EXISTS’
 char CHECK_FUNCTION_EXISTS();
      ^
Linking C executable cmTryCompileExec4018305856
/usr/bin/cmake -E cmake_link_script CMakeFiles/cmTryCompileExec4018305856.dir/link.txt --verbose=1
/usr/bin/cc   -DCHECK_FUNCTION_EXISTS=log    CMakeFiles/cmTryCompileExec4018305856.dir/CheckFunctionExists.c.o  -o cmTryCompileExec4018305856 -rdynamic 
CMakeFiles/cmTryCompileExec4018305856.dir/CheckFunctionExists.c.o: In function `main':
CheckFunctionExists.c:(.text+0x7): undefined reference to `log'
collect2: error: ld returned 1 exit status
make[1]: Leaving directory `/home/sean/git_repo/lab5/ex5/CMakeFiles/CMakeTmp'
make[1]: *** [cmTryCompileExec4018305856] Error 1
make: *** [cmTryCompileExec4018305856/fast] Error 2


Determining if the function exp exists failed with the following output:
Change Dir: /home/sean/git_repo/lab5/ex5/CMakeFiles/CMakeTmp

Run Build Command:"/usr/bin/make" "cmTryCompileExec94281470/fast"
/usr/bin/make -f CMakeFiles/cmTryCompileExec94281470.dir/build.make CMakeFiles/cmTryCompileExec94281470.dir/build
make[1]: Entering directory `/home/sean/git_repo/lab5/ex5/CMakeFiles/CMakeTmp'
/usr/bin/cmake -E cmake_progress_report /home/sean/git_repo/lab5/ex5/CMakeFiles/CMakeTmp/CMakeFiles 1
Building C object CMakeFiles/cmTryCompileExec94281470.dir/CheckFunctionExists.c.o
/usr/bin/cc   -DCHECK_FUNCTION_EXISTS=exp   -o CMakeFiles/cmTryCompileExec94281470.dir/CheckFunctionExists.c.o   -c /usr/share/cmake-3.2/Modules/CheckFunctionExists.c
<command-line>:0:23: warning: conflicting types for built-in function ‘exp’ [enabled by default]
/usr/share/cmake-3.2/Modules/CheckFunctionExists.c:3:6: note: in expansion of macro ‘CHECK_FUNCTION_EXISTS’
 char CHECK_FUNCTION_EXISTS();
      ^
Linking C executable cmTryCompileExec94281470
/usr/bin/cmake -E cmake_link_script CMakeFiles/cmTryCompileExec94281470.dir/link.txt --verbose=1
/usr/bin/cc   -DCHECK_FUNCTION_EXISTS=exp    CMakeFiles/cmTryCompileExec94281470.dir/CheckFunctionExists.c.o  -o cmTryCompileExec94281470 -rdynamic 
CMakeFiles/cmTryCompileExec94281470.dir/CheckFunctionExists.c.o: In function `main':
CheckFunctionExists.c:(.text+0x7): undefined reference to `exp'
collect2: error: ld returned 1 exit status
make[1]: Leaving directory `/home/sean/git_repo/lab5/ex5/CMakeFiles/CMakeTmp'
make[1]: *** [cmTryCompileExec94281470] Error 1
make: *** [cmTryCompileExec94281470/fast] Error 2


